<?xml version='1.0' encoding='UTF-8'?>
<testsuite hostname="DESKTOP-SQ5FK0A" name="Datapath.AluTest" tests="1" errors="0" failures="0" skipped="0" time="4.064" timestamp="2021-10-13T21:15:10">
                     <properties>
[...]
</properties>
                     <testcase classname="Datapath.AluTest" name="ALU Test" time="4.064">
                                                 
                                               </testcase>
                     <system-out><![CDATA[]]></system-out>
                     <system-err><![CDATA[]]></system-err>
                   </testsuite>